C:\Program Files (x86)\Microsoft Visual Studio\2017\Community\Common7\IDE\VC\VCTargets\Microsoft.CppBuild.targets(373,5): warning MSB8004: Output Directory does not end with a trailing slash.  This build instance will add the slash as it is required to allow proper evaluation of the Output Directory.
  Main.cpp
d:\documents\visual studio 2017\projects\four mix the game\four mix the game\main.cpp(127): warning C4390: ';': empty controlled statement found; is this the intent?
d:\documents\visual studio 2017\projects\four mix the game\four mix the game\main.cpp(146): warning C4390: ';': empty controlled statement found; is this the intent?
d:\documents\visual studio 2017\projects\four mix the game\four mix the game\main.cpp(627): warning C4305: 'argument': truncation from 'double' to 'float'
d:\documents\visual studio 2017\projects\four mix the game\four mix the game\main.cpp(646): warning C4305: 'argument': truncation from 'double' to 'float'
d:\documents\visual studio 2017\projects\four mix the game\four mix the game\main.cpp(893): warning C4244: '=': conversion from 'double' to 'float', possible loss of data
d:\documents\visual studio 2017\projects\four mix the game\four mix the game\main.cpp(894): warning C4244: '=': conversion from 'double' to 'float', possible loss of data
d:\documents\visual studio 2017\projects\four mix the game\four mix the game\main.cpp(979): warning C4244: '=': conversion from 'double' to 'float', possible loss of data
d:\documents\visual studio 2017\projects\four mix the game\four mix the game\main.cpp(980): warning C4244: '=': conversion from 'double' to 'float', possible loss of data
  DearImGui.lib(imgui.obj) : MSIL .netmodule or module compiled with /GL found; restarting link with /LTCG; add /LTCG to the link command line to improve linker performance
LINK : warning LNK4075: ignoring '/INCREMENTAL' due to '/LTCG' specification
LINK : warning LNK4098: defaultlib 'MSVCRT' conflicts with use of other libs; use /NODEFAULTLIB:library
  Generating code
  Finished generating code
DearImGui.lib(imgui.obj) : warning LNK4099: PDB 'DearImGui.pdb' was not found with 'DearImGui.lib(imgui.obj)' or at 'D:\Documents\Visual Studio 2017\Projects\Four Mix The Game\DearImGui.pdb'; linking object as if no debug info
DearImGui.lib(imgui_impl_sdl_gl3.obj) : warning LNK4099: PDB 'DearImGui.pdb' was not found with 'DearImGui.lib(imgui_impl_sdl_gl3.obj)' or at 'D:\Documents\Visual Studio 2017\Projects\Four Mix The Game\DearImGui.pdb'; linking object as if no debug info
DearImGui.lib(imgui_draw.obj) : warning LNK4099: PDB 'DearImGui.pdb' was not found with 'DearImGui.lib(imgui_draw.obj)' or at 'D:\Documents\Visual Studio 2017\Projects\Four Mix The Game\DearImGui.pdb'; linking object as if no debug info
  Four Mix The Game.vcxproj -> D:\Documents\Visual Studio 2017\Projects\Four Mix The Game\Four Mix The Game\..\Four Mix The Game.exe
  Four Mix The Game.vcxproj -> ..\Four Mix The Game.pdb (Partial PDB)
